Analysis & Synthesis report for neuralnet
Tue Apr 30 19:00:45 2024
Quartus Prime Version 23.1std.0 Build 991 11/28/2023 SC Lite Edition


---------------------
; Table of Contents ;
---------------------
  1. Legal Notice
  2. Analysis & Synthesis Summary
  3. Analysis & Synthesis Settings
  4. Parallel Compilation
  5. Analysis & Synthesis Source Files Read
  6. Analysis & Synthesis Resource Usage Summary
  7. Analysis & Synthesis Resource Utilization by Entity
  8. User-Specified and Inferred Latches
  9. General Register Statistics
 10. Multiplexer Restructuring Statistics (Restructuring Performed)
 11. Post-Synthesis Netlist Statistics for Top Partition
 12. Elapsed Time Per Partition
 13. Analysis & Synthesis Messages



----------------
; Legal Notice ;
----------------
Copyright (C) 2023  Intel Corporation. All rights reserved.
Your use of Intel Corporation's design tools, logic functions 
and other software and tools, and any partner logic 
functions, and any output files from any of the foregoing 
(including device programming or simulation files), and any 
associated documentation or information are expressly subject 
to the terms and conditions of the Intel Program License 
Subscription Agreement, the Intel Quartus Prime License Agreement,
the Intel FPGA IP License Agreement, or other applicable license
agreement, including, without limitation, that your use is for
the sole purpose of programming logic devices manufactured by
Intel and sold by Intel or its authorized distributors.  Please
refer to the applicable agreement for further details, at
https://fpgasoftware.intel.com/eula.



+----------------------------------------------------------------------------------+
; Analysis & Synthesis Summary                                                     ;
+---------------------------------+------------------------------------------------+
; Analysis & Synthesis Status     ; Successful - Tue Apr 30 19:00:45 2024          ;
; Quartus Prime Version           ; 23.1std.0 Build 991 11/28/2023 SC Lite Edition ;
; Revision Name                   ; neuralnet                                      ;
; Top-level Entity Name           ; neuralnet                                      ;
; Family                          ; Cyclone V                                      ;
; Logic utilization (in ALMs)     ; N/A                                            ;
; Total registers                 ; 677                                            ;
; Total pins                      ; 15                                             ;
; Total virtual pins              ; 0                                              ;
; Total block memory bits         ; 0                                              ;
; Total DSP Blocks                ; 0                                              ;
; Total HSSI RX PCSs              ; 0                                              ;
; Total HSSI PMA RX Deserializers ; 0                                              ;
; Total HSSI TX PCSs              ; 0                                              ;
; Total HSSI PMA TX Serializers   ; 0                                              ;
; Total PLLs                      ; 0                                              ;
; Total DLLs                      ; 0                                              ;
+---------------------------------+------------------------------------------------+


+---------------------------------------------------------------------------------------------------------------------------+
; Analysis & Synthesis Settings                                                                                             ;
+---------------------------------------------------------------------------------+--------------------+--------------------+
; Option                                                                          ; Setting            ; Default Value      ;
+---------------------------------------------------------------------------------+--------------------+--------------------+
; Device                                                                          ; 5CSEBA6U23I7       ;                    ;
; Top-level entity name                                                           ; neuralnet          ; neuralnet          ;
; Family name                                                                     ; Cyclone V          ; Cyclone V          ;
; Use smart compilation                                                           ; Off                ; Off                ;
; Enable parallel Assembler and Timing Analyzer during compilation                ; On                 ; On                 ;
; Enable compact report table                                                     ; Off                ; Off                ;
; Restructure Multiplexers                                                        ; Auto               ; Auto               ;
; MLAB Add Timing Constraints For Mixed-Port Feed-Through Mode Setting Don't Care ; Off                ; Off                ;
; Create Debugging Nodes for IP Cores                                             ; Off                ; Off                ;
; Preserve fewer node names                                                       ; On                 ; On                 ;
; Intel FPGA IP Evaluation Mode                                                   ; Enable             ; Enable             ;
; Verilog Version                                                                 ; Verilog_2001       ; Verilog_2001       ;
; VHDL Version                                                                    ; VHDL_1993          ; VHDL_1993          ;
; State Machine Processing                                                        ; Auto               ; Auto               ;
; Safe State Machine                                                              ; Off                ; Off                ;
; Extract Verilog State Machines                                                  ; On                 ; On                 ;
; Extract VHDL State Machines                                                     ; On                 ; On                 ;
; Ignore Verilog initial constructs                                               ; Off                ; Off                ;
; Iteration limit for constant Verilog loops                                      ; 5000               ; 5000               ;
; Iteration limit for non-constant Verilog loops                                  ; 250                ; 250                ;
; Add Pass-Through Logic to Inferred RAMs                                         ; On                 ; On                 ;
; Infer RAMs from Raw Logic                                                       ; On                 ; On                 ;
; Parallel Synthesis                                                              ; On                 ; On                 ;
; DSP Block Balancing                                                             ; Auto               ; Auto               ;
; NOT Gate Push-Back                                                              ; On                 ; On                 ;
; Power-Up Don't Care                                                             ; On                 ; On                 ;
; Remove Redundant Logic Cells                                                    ; Off                ; Off                ;
; Remove Duplicate Registers                                                      ; On                 ; On                 ;
; Ignore CARRY Buffers                                                            ; Off                ; Off                ;
; Ignore CASCADE Buffers                                                          ; Off                ; Off                ;
; Ignore GLOBAL Buffers                                                           ; Off                ; Off                ;
; Ignore ROW GLOBAL Buffers                                                       ; Off                ; Off                ;
; Ignore LCELL Buffers                                                            ; Off                ; Off                ;
; Ignore SOFT Buffers                                                             ; On                 ; On                 ;
; Limit AHDL Integers to 32 Bits                                                  ; Off                ; Off                ;
; Optimization Technique                                                          ; Balanced           ; Balanced           ;
; Carry Chain Length                                                              ; 70                 ; 70                 ;
; Auto Carry Chains                                                               ; On                 ; On                 ;
; Auto Open-Drain Pins                                                            ; On                 ; On                 ;
; Perform WYSIWYG Primitive Resynthesis                                           ; Off                ; Off                ;
; Auto ROM Replacement                                                            ; On                 ; On                 ;
; Auto RAM Replacement                                                            ; On                 ; On                 ;
; Auto DSP Block Replacement                                                      ; On                 ; On                 ;
; Auto Shift Register Replacement                                                 ; Auto               ; Auto               ;
; Allow Shift Register Merging across Hierarchies                                 ; Auto               ; Auto               ;
; Auto Clock Enable Replacement                                                   ; On                 ; On                 ;
; Strict RAM Replacement                                                          ; Off                ; Off                ;
; Allow Synchronous Control Signals                                               ; On                 ; On                 ;
; Force Use of Synchronous Clear Signals                                          ; Off                ; Off                ;
; Auto Resource Sharing                                                           ; Off                ; Off                ;
; Allow Any RAM Size For Recognition                                              ; Off                ; Off                ;
; Allow Any ROM Size For Recognition                                              ; Off                ; Off                ;
; Allow Any Shift Register Size For Recognition                                   ; Off                ; Off                ;
; Use LogicLock Constraints during Resource Balancing                             ; On                 ; On                 ;
; Ignore translate_off and synthesis_off directives                               ; Off                ; Off                ;
; Timing-Driven Synthesis                                                         ; On                 ; On                 ;
; Report Parameter Settings                                                       ; On                 ; On                 ;
; Report Source Assignments                                                       ; On                 ; On                 ;
; Report Connectivity Checks                                                      ; On                 ; On                 ;
; Ignore Maximum Fan-Out Assignments                                              ; Off                ; Off                ;
; Synchronization Register Chain Length                                           ; 3                  ; 3                  ;
; Power Optimization During Synthesis                                             ; Normal compilation ; Normal compilation ;
; HDL message level                                                               ; Level2             ; Level2             ;
; Suppress Register Optimization Related Messages                                 ; Off                ; Off                ;
; Number of Removed Registers Reported in Synthesis Report                        ; 5000               ; 5000               ;
; Number of Swept Nodes Reported in Synthesis Report                              ; 5000               ; 5000               ;
; Number of Inverted Registers Reported in Synthesis Report                       ; 100                ; 100                ;
; Clock MUX Protection                                                            ; On                 ; On                 ;
; Auto Gated Clock Conversion                                                     ; Off                ; Off                ;
; Block Design Naming                                                             ; Auto               ; Auto               ;
; SDC constraint protection                                                       ; Off                ; Off                ;
; Synthesis Effort                                                                ; Auto               ; Auto               ;
; Shift Register Replacement - Allow Asynchronous Clear Signal                    ; On                 ; On                 ;
; Pre-Mapping Resynthesis Optimization                                            ; Off                ; Off                ;
; Analysis & Synthesis Message Level                                              ; Medium             ; Medium             ;
; Disable Register Merging Across Hierarchies                                     ; Auto               ; Auto               ;
; Resource Aware Inference For Block RAM                                          ; On                 ; On                 ;
; Automatic Parallel Synthesis                                                    ; On                 ; On                 ;
; Partial Reconfiguration Bitstream ID                                            ; Off                ; Off                ;
+---------------------------------------------------------------------------------+--------------------+--------------------+


+------------------------------------------+
; Parallel Compilation                     ;
+----------------------------+-------------+
; Processors                 ; Number      ;
+----------------------------+-------------+
; Number detected on machine ; 8           ;
; Maximum allowed            ; 4           ;
;                            ;             ;
; Average used               ; 1.00        ;
; Maximum used               ; 4           ;
;                            ;             ;
; Usage by Processor         ; % Time Used ;
;     Processor 1            ; 100.0%      ;
;     Processor 2            ;   0.1%      ;
;     Processor 3            ;   0.1%      ;
;     Processor 4            ;   0.1%      ;
+----------------------------+-------------+


+---------------------------------------------------------------------------------------------------------------------------------------------+
; Analysis & Synthesis Source Files Read                                                                                                      ;
+----------------------------------+-----------------+------------------------------+-----------------------------------------------+---------+
; File Name with User-Entered Path ; Used in Netlist ; File Type                    ; File Name with Absolute Path                  ; Library ;
+----------------------------------+-----------------+------------------------------+-----------------------------------------------+---------+
; neuralnet.sv                     ; yes             ; User SystemVerilog HDL File  ; /home/sarim/arch/fpga-neural-net/neuralnet.sv ;         ;
; common.svh                       ; yes             ; Auto-Found Unspecified File  ; /home/sarim/arch/fpga-neural-net/common.svh   ;         ;
+----------------------------------+-----------------+------------------------------+-----------------------------------------------+---------+


+-----------------------------------------------------------+
; Analysis & Synthesis Resource Usage Summary               ;
+---------------------------------------------+-------------+
; Resource                                    ; Usage       ;
+---------------------------------------------+-------------+
; Estimate of Logic utilization (ALMs needed) ; 4850        ;
;                                             ;             ;
; Combinational ALUT usage for logic          ; 7686        ;
;     -- 7 input functions                    ; 1           ;
;     -- 6 input functions                    ; 2012        ;
;     -- 5 input functions                    ; 2239        ;
;     -- 4 input functions                    ; 1382        ;
;     -- <=3 input functions                  ; 2052        ;
;                                             ;             ;
; Dedicated logic registers                   ; 677         ;
;                                             ;             ;
; I/O pins                                    ; 15          ;
;                                             ;             ;
; Total DSP Blocks                            ; 0           ;
;                                             ;             ;
; Maximum fan-out node                        ; dbnc_pi_clk ;
; Maximum fan-out                             ; 640         ;
; Total fan-out                               ; 36130       ;
; Average fan-out                             ; 4.30        ;
+---------------------------------------------+-------------+


+--------------------------------------------------------------------------------------------------------------------------------------------------------------------------------------------------------+
; Analysis & Synthesis Resource Utilization by Entity                                                                                                                                                    ;
+----------------------------+---------------------+---------------------------+-------------------+------------+------+--------------+---------------------------------+-----------------+--------------+
; Compilation Hierarchy Node ; Combinational ALUTs ; Dedicated Logic Registers ; Block Memory Bits ; DSP Blocks ; Pins ; Virtual Pins ; Full Hierarchy Name             ; Entity Name     ; Library Name ;
+----------------------------+---------------------+---------------------------+-------------------+------------+------+--------------+---------------------------------+-----------------+--------------+
; |neuralnet                 ; 7686 (722)          ; 677 (644)                 ; 0                 ; 0          ; 15   ; 0            ; |neuralnet                      ; neuralnet       ; work         ;
;    |classifier:classify|   ; 6921 (6921)         ; 0 (0)                     ; 0                 ; 0          ; 0    ; 0            ; |neuralnet|classifier:classify  ; classifier      ; work         ;
;    |slow_down_clock:slow|  ; 43 (43)             ; 33 (33)                   ; 0                 ; 0          ; 0    ; 0            ; |neuralnet|slow_down_clock:slow ; slow_down_clock ; work         ;
+----------------------------+---------------------+---------------------------+-------------------+------------+------+--------------+---------------------------------+-----------------+--------------+
Note: For table entries with two numbers listed, the numbers in parentheses indicate the number of resources of the given type used by the specific entity alone. The numbers listed outside of parentheses indicate the total resources of the given type used by the specific entity and all of its sub-entities in the hierarchy.


+-----------------------------------------------------------------------------------------------------------------------+
; User-Specified and Inferred Latches                                                                                   ;
+-----------------------------------------------------+----------------------------------------+------------------------+
; Latch Name                                          ; Latch Enable Signal                    ; Free of Timing Hazards ;
+-----------------------------------------------------+----------------------------------------+------------------------+
; classifier:classify|result[1]                       ; image_ready                            ; yes                    ;
; classifier:classify|result[0]                       ; image_ready                            ; yes                    ;
; classifier:classify|leftmost_pixel[0]               ; classifier:classify|leftmost_pixel[0]  ; yes                    ;
; classifier:classify|leftmost_pixel[1]               ; classifier:classify|leftmost_pixel[0]  ; yes                    ;
; classifier:classify|leftmost_pixel[2]               ; classifier:classify|leftmost_pixel[0]  ; yes                    ;
; classifier:classify|leftmost_pixel[3]               ; classifier:classify|leftmost_pixel[0]  ; yes                    ;
; classifier:classify|leftmost_pixel[4]               ; classifier:classify|leftmost_pixel[0]  ; yes                    ;
; classifier:classify|num_transitions[4]              ; classifier:classify|num_transitions[3] ; yes                    ;
; classifier:classify|num_transitions[3]              ; classifier:classify|num_transitions[3] ; yes                    ;
; classifier:classify|num_transitions[2]              ; classifier:classify|num_transitions[3] ; yes                    ;
; classifier:classify|num_transitions[1]              ; classifier:classify|num_transitions[3] ; yes                    ;
; classifier:classify|num_transitions[0]              ; classifier:classify|num_transitions[3] ; yes                    ;
; classifier:classify|sum_left[4]                     ; image_ready                            ; yes                    ;
; classifier:classify|sum_left[5]                     ; image_ready                            ; yes                    ;
; classifier:classify|sum_left[6]                     ; image_ready                            ; yes                    ;
; classifier:classify|sum_left[7]                     ; image_ready                            ; yes                    ;
; classifier:classify|sum_left[8]                     ; image_ready                            ; yes                    ;
; classifier:classify|sum_left[9]                     ; image_ready                            ; yes                    ;
; classifier:classify|sum_left[10]                    ; image_ready                            ; yes                    ;
; classifier:classify|sum_left[11]                    ; image_ready                            ; yes                    ;
; classifier:classify|sum_left[12]                    ; image_ready                            ; yes                    ;
; classifier:classify|sum_left[13]                    ; image_ready                            ; yes                    ;
; classifier:classify|sum_left[14]                    ; image_ready                            ; yes                    ;
; classifier:classify|sum_left[15]                    ; image_ready                            ; yes                    ;
; classifier:classify|sum_left[16]                    ; image_ready                            ; yes                    ;
; classifier:classify|sum_left[17]                    ; image_ready                            ; yes                    ;
; classifier:classify|sum_left[18]                    ; image_ready                            ; yes                    ;
; classifier:classify|sum_left[19]                    ; image_ready                            ; yes                    ;
; classifier:classify|sum_left[20]                    ; image_ready                            ; yes                    ;
; classifier:classify|sum_left[21]                    ; image_ready                            ; yes                    ;
; classifier:classify|sum_left[22]                    ; image_ready                            ; yes                    ;
; classifier:classify|sum_left[23]                    ; image_ready                            ; yes                    ;
; classifier:classify|sum_left[24]                    ; image_ready                            ; yes                    ;
; classifier:classify|sum_left[25]                    ; image_ready                            ; yes                    ;
; classifier:classify|sum_left[26]                    ; image_ready                            ; yes                    ;
; classifier:classify|sum_left[27]                    ; image_ready                            ; yes                    ;
; classifier:classify|sum_left[28]                    ; image_ready                            ; yes                    ;
; classifier:classify|sum_left[29]                    ; image_ready                            ; yes                    ;
; classifier:classify|sum_left[30]                    ; image_ready                            ; yes                    ;
; classifier:classify|sum_left[31]                    ; image_ready                            ; yes                    ;
; classifier:classify|sum_left[2]                     ; image_ready                            ; yes                    ;
; classifier:classify|sum_left[3]                     ; image_ready                            ; yes                    ;
; classifier:classify|sum_left[0]                     ; image_ready                            ; yes                    ;
; classifier:classify|sum_left[1]                     ; image_ready                            ; yes                    ;
; Number of user-specified and inferred latches = 44  ;                                        ;                        ;
+-----------------------------------------------------+----------------------------------------+------------------------+
Note: All latches listed above may not be present at the end of synthesis due to various synthesis optimizations.


+------------------------------------------------------+
; General Register Statistics                          ;
+----------------------------------------------+-------+
; Statistic                                    ; Value ;
+----------------------------------------------+-------+
; Total registers                              ; 677   ;
; Number of registers using Synchronous Clear  ; 61    ;
; Number of registers using Synchronous Load   ; 0     ;
; Number of registers using Asynchronous Clear ; 640   ;
; Number of registers using Asynchronous Load  ; 0     ;
; Number of registers using Clock Enable       ; 29    ;
; Number of registers using Preset             ; 0     ;
+----------------------------------------------+-------+


+-----------------------------------------------------------------------------------------------------------------------------------------------------------------+
; Multiplexer Restructuring Statistics (Restructuring Performed)                                                                                                  ;
+--------------------+-----------+---------------+----------------------+------------------------+------------+---------------------------------------------------+
; Multiplexer Inputs ; Bus Width ; Baseline Area ; Area if Restructured ; Saving if Restructured ; Registered ; Example Multiplexer Output                        ;
+--------------------+-----------+---------------+----------------------+------------------------+------------+---------------------------------------------------+
; 3:1                ; 2 bits    ; 4 LEs         ; 4 LEs                ; 0 LEs                  ; No         ; |neuralnet|classifier:classify|leftmost_pixel     ;
; 3:1                ; 3 bits    ; 6 LEs         ; 6 LEs                ; 0 LEs                  ; No         ; |neuralnet|classifier:classify|leftmost_pixel     ;
; 3:1                ; 2 bits    ; 4 LEs         ; 4 LEs                ; 0 LEs                  ; No         ; |neuralnet|classifier:classify|leftmost_pixel     ;
; 3:1                ; 4 bits    ; 8 LEs         ; 8 LEs                ; 0 LEs                  ; No         ; |neuralnet|classifier:classify|leftmost_pixel     ;
; 3:1                ; 2 bits    ; 4 LEs         ; 4 LEs                ; 0 LEs                  ; No         ; |neuralnet|classifier:classify|leftmost_pixel     ;
; 3:1                ; 3 bits    ; 6 LEs         ; 6 LEs                ; 0 LEs                  ; No         ; |neuralnet|classifier:classify|leftmost_pixel     ;
; 3:1                ; 2 bits    ; 4 LEs         ; 4 LEs                ; 0 LEs                  ; No         ; |neuralnet|classifier:classify|leftmost_pixel     ;
; 3:1                ; 2 bits    ; 4 LEs         ; 4 LEs                ; 0 LEs                  ; No         ; |neuralnet|classifier:classify|leftmost_pixel     ;
; 3:1                ; 3 bits    ; 6 LEs         ; 6 LEs                ; 0 LEs                  ; No         ; |neuralnet|classifier:classify|leftmost_pixel     ;
; 3:1                ; 2 bits    ; 4 LEs         ; 4 LEs                ; 0 LEs                  ; No         ; |neuralnet|classifier:classify|leftmost_pixel     ;
; 3:1                ; 4 bits    ; 8 LEs         ; 8 LEs                ; 0 LEs                  ; No         ; |neuralnet|classifier:classify|leftmost_pixel     ;
; 3:1                ; 2 bits    ; 4 LEs         ; 4 LEs                ; 0 LEs                  ; No         ; |neuralnet|classifier:classify|leftmost_pixel     ;
; 3:1                ; 3 bits    ; 6 LEs         ; 6 LEs                ; 0 LEs                  ; No         ; |neuralnet|classifier:classify|leftmost_pixel     ;
; 3:1                ; 2 bits    ; 4 LEs         ; 4 LEs                ; 0 LEs                  ; No         ; |neuralnet|classifier:classify|leftmost_pixel     ;
; 3:1                ; 2 bits    ; 4 LEs         ; 4 LEs                ; 0 LEs                  ; No         ; |neuralnet|classifier:classify|leftmost_pixel     ;
; 3:1                ; 3 bits    ; 6 LEs         ; 6 LEs                ; 0 LEs                  ; No         ; |neuralnet|classifier:classify|leftmost_pixel     ;
; 3:1                ; 2 bits    ; 4 LEs         ; 4 LEs                ; 0 LEs                  ; No         ; |neuralnet|classifier:classify|leftmost_pixel     ;
; 3:1                ; 4 bits    ; 8 LEs         ; 8 LEs                ; 0 LEs                  ; No         ; |neuralnet|classifier:classify|leftmost_pixel     ;
; 3:1                ; 2 bits    ; 4 LEs         ; 4 LEs                ; 0 LEs                  ; No         ; |neuralnet|classifier:classify|leftmost_pixel     ;
; 3:1                ; 3 bits    ; 6 LEs         ; 6 LEs                ; 0 LEs                  ; No         ; |neuralnet|classifier:classify|leftmost_pixel     ;
; 3:1                ; 2 bits    ; 4 LEs         ; 4 LEs                ; 0 LEs                  ; No         ; |neuralnet|classifier:classify|leftmost_pixel     ;
; 3:1                ; 2 bits    ; 4 LEs         ; 4 LEs                ; 0 LEs                  ; No         ; |neuralnet|classifier:classify|leftmost_pixel     ;
; 3:1                ; 3 bits    ; 6 LEs         ; 6 LEs                ; 0 LEs                  ; No         ; |neuralnet|classifier:classify|leftmost_pixel     ;
; 3:1                ; 2 bits    ; 4 LEs         ; 4 LEs                ; 0 LEs                  ; No         ; |neuralnet|classifier:classify|leftmost_pixel     ;
; 3:1                ; 4 bits    ; 8 LEs         ; 8 LEs                ; 0 LEs                  ; No         ; |neuralnet|classifier:classify|leftmost_pixel     ;
; 3:1                ; 2 bits    ; 4 LEs         ; 4 LEs                ; 0 LEs                  ; No         ; |neuralnet|classifier:classify|leftmost_pixel     ;
; 3:1                ; 3 bits    ; 6 LEs         ; 6 LEs                ; 0 LEs                  ; No         ; |neuralnet|classifier:classify|leftmost_pixel     ;
; 3:1                ; 2 bits    ; 4 LEs         ; 4 LEs                ; 0 LEs                  ; No         ; |neuralnet|classifier:classify|leftmost_pixel     ;
; 3:1                ; 2 bits    ; 4 LEs         ; 4 LEs                ; 0 LEs                  ; No         ; |neuralnet|classifier:classify|leftmost_pixel     ;
; 3:1                ; 3 bits    ; 6 LEs         ; 6 LEs                ; 0 LEs                  ; No         ; |neuralnet|classifier:classify|leftmost_pixel     ;
; 3:1                ; 2 bits    ; 4 LEs         ; 4 LEs                ; 0 LEs                  ; No         ; |neuralnet|classifier:classify|leftmost_pixel     ;
; 3:1                ; 4 bits    ; 8 LEs         ; 8 LEs                ; 0 LEs                  ; No         ; |neuralnet|classifier:classify|leftmost_pixel     ;
; 3:1                ; 2 bits    ; 4 LEs         ; 4 LEs                ; 0 LEs                  ; No         ; |neuralnet|classifier:classify|leftmost_pixel     ;
; 3:1                ; 3 bits    ; 6 LEs         ; 6 LEs                ; 0 LEs                  ; No         ; |neuralnet|classifier:classify|leftmost_pixel     ;
; 3:1                ; 2 bits    ; 4 LEs         ; 4 LEs                ; 0 LEs                  ; No         ; |neuralnet|classifier:classify|leftmost_pixel     ;
; 3:1                ; 2 bits    ; 4 LEs         ; 4 LEs                ; 0 LEs                  ; No         ; |neuralnet|classifier:classify|leftmost_pixel     ;
; 3:1                ; 3 bits    ; 6 LEs         ; 6 LEs                ; 0 LEs                  ; No         ; |neuralnet|classifier:classify|leftmost_pixel     ;
; 3:1                ; 2 bits    ; 4 LEs         ; 4 LEs                ; 0 LEs                  ; No         ; |neuralnet|classifier:classify|leftmost_pixel     ;
; 3:1                ; 4 bits    ; 8 LEs         ; 8 LEs                ; 0 LEs                  ; No         ; |neuralnet|classifier:classify|leftmost_pixel     ;
; 3:1                ; 2 bits    ; 4 LEs         ; 4 LEs                ; 0 LEs                  ; No         ; |neuralnet|classifier:classify|leftmost_pixel     ;
; 3:1                ; 3 bits    ; 6 LEs         ; 6 LEs                ; 0 LEs                  ; No         ; |neuralnet|classifier:classify|leftmost_pixel     ;
; 3:1                ; 2 bits    ; 4 LEs         ; 4 LEs                ; 0 LEs                  ; No         ; |neuralnet|classifier:classify|leftmost_pixel     ;
; 3:1                ; 2 bits    ; 4 LEs         ; 4 LEs                ; 0 LEs                  ; No         ; |neuralnet|classifier:classify|leftmost_pixel     ;
; 3:1                ; 3 bits    ; 6 LEs         ; 6 LEs                ; 0 LEs                  ; No         ; |neuralnet|classifier:classify|leftmost_pixel     ;
; 3:1                ; 2 bits    ; 4 LEs         ; 4 LEs                ; 0 LEs                  ; No         ; |neuralnet|classifier:classify|leftmost_pixel     ;
; 3:1                ; 4 bits    ; 8 LEs         ; 8 LEs                ; 0 LEs                  ; No         ; |neuralnet|classifier:classify|leftmost_pixel     ;
; 3:1                ; 2 bits    ; 4 LEs         ; 4 LEs                ; 0 LEs                  ; No         ; |neuralnet|classifier:classify|leftmost_pixel     ;
; 3:1                ; 3 bits    ; 6 LEs         ; 6 LEs                ; 0 LEs                  ; No         ; |neuralnet|classifier:classify|leftmost_pixel     ;
; 3:1                ; 2 bits    ; 4 LEs         ; 4 LEs                ; 0 LEs                  ; No         ; |neuralnet|classifier:classify|leftmost_pixel     ;
; 3:1                ; 2 bits    ; 4 LEs         ; 4 LEs                ; 0 LEs                  ; No         ; |neuralnet|classifier:classify|leftmost_pixel     ;
; 3:1                ; 3 bits    ; 6 LEs         ; 6 LEs                ; 0 LEs                  ; No         ; |neuralnet|classifier:classify|leftmost_pixel     ;
; 3:1                ; 2 bits    ; 4 LEs         ; 4 LEs                ; 0 LEs                  ; No         ; |neuralnet|classifier:classify|leftmost_pixel     ;
; 3:1                ; 4 bits    ; 8 LEs         ; 8 LEs                ; 0 LEs                  ; No         ; |neuralnet|classifier:classify|leftmost_pixel     ;
; 3:1                ; 2 bits    ; 4 LEs         ; 4 LEs                ; 0 LEs                  ; No         ; |neuralnet|classifier:classify|leftmost_pixel     ;
; 3:1                ; 3 bits    ; 6 LEs         ; 6 LEs                ; 0 LEs                  ; No         ; |neuralnet|classifier:classify|leftmost_pixel     ;
; 3:1                ; 2 bits    ; 4 LEs         ; 4 LEs                ; 0 LEs                  ; No         ; |neuralnet|classifier:classify|leftmost_pixel     ;
; 3:1                ; 2 bits    ; 4 LEs         ; 4 LEs                ; 0 LEs                  ; No         ; |neuralnet|classifier:classify|leftmost_pixel     ;
; 3:1                ; 3 bits    ; 6 LEs         ; 6 LEs                ; 0 LEs                  ; No         ; |neuralnet|classifier:classify|leftmost_pixel     ;
; 3:1                ; 2 bits    ; 4 LEs         ; 4 LEs                ; 0 LEs                  ; No         ; |neuralnet|classifier:classify|leftmost_pixel     ;
; 3:1                ; 4 bits    ; 8 LEs         ; 8 LEs                ; 0 LEs                  ; No         ; |neuralnet|classifier:classify|leftmost_pixel     ;
; 3:1                ; 2 bits    ; 4 LEs         ; 4 LEs                ; 0 LEs                  ; No         ; |neuralnet|classifier:classify|leftmost_pixel     ;
; 3:1                ; 3 bits    ; 6 LEs         ; 6 LEs                ; 0 LEs                  ; No         ; |neuralnet|classifier:classify|leftmost_pixel     ;
; 3:1                ; 2 bits    ; 4 LEs         ; 4 LEs                ; 0 LEs                  ; No         ; |neuralnet|classifier:classify|leftmost_pixel     ;
; 3:1                ; 2 bits    ; 4 LEs         ; 4 LEs                ; 0 LEs                  ; No         ; |neuralnet|classifier:classify|leftmost_pixel     ;
; 3:1                ; 3 bits    ; 6 LEs         ; 6 LEs                ; 0 LEs                  ; No         ; |neuralnet|classifier:classify|leftmost_pixel     ;
; 3:1                ; 2 bits    ; 4 LEs         ; 4 LEs                ; 0 LEs                  ; No         ; |neuralnet|classifier:classify|leftmost_pixel     ;
; 3:1                ; 4 bits    ; 8 LEs         ; 8 LEs                ; 0 LEs                  ; No         ; |neuralnet|classifier:classify|leftmost_pixel     ;
; 3:1                ; 2 bits    ; 4 LEs         ; 4 LEs                ; 0 LEs                  ; No         ; |neuralnet|classifier:classify|leftmost_pixel     ;
; 3:1                ; 3 bits    ; 6 LEs         ; 6 LEs                ; 0 LEs                  ; No         ; |neuralnet|classifier:classify|leftmost_pixel     ;
; 3:1                ; 2 bits    ; 4 LEs         ; 4 LEs                ; 0 LEs                  ; No         ; |neuralnet|classifier:classify|leftmost_pixel     ;
; 3:1                ; 2 bits    ; 4 LEs         ; 4 LEs                ; 0 LEs                  ; No         ; |neuralnet|classifier:classify|leftmost_pixel     ;
; 3:1                ; 3 bits    ; 6 LEs         ; 6 LEs                ; 0 LEs                  ; No         ; |neuralnet|classifier:classify|leftmost_pixel     ;
; 3:1                ; 2 bits    ; 4 LEs         ; 4 LEs                ; 0 LEs                  ; No         ; |neuralnet|classifier:classify|leftmost_pixel     ;
; 3:1                ; 4 bits    ; 8 LEs         ; 8 LEs                ; 0 LEs                  ; No         ; |neuralnet|classifier:classify|leftmost_pixel     ;
; 3:1                ; 2 bits    ; 4 LEs         ; 4 LEs                ; 0 LEs                  ; No         ; |neuralnet|classifier:classify|leftmost_pixel     ;
; 3:1                ; 3 bits    ; 6 LEs         ; 6 LEs                ; 0 LEs                  ; No         ; |neuralnet|classifier:classify|leftmost_pixel     ;
; 3:1                ; 2 bits    ; 4 LEs         ; 4 LEs                ; 0 LEs                  ; No         ; |neuralnet|classifier:classify|leftmost_pixel     ;
; 3:1                ; 2 bits    ; 4 LEs         ; 4 LEs                ; 0 LEs                  ; No         ; |neuralnet|classifier:classify|leftmost_pixel     ;
; 3:1                ; 3 bits    ; 6 LEs         ; 6 LEs                ; 0 LEs                  ; No         ; |neuralnet|classifier:classify|leftmost_pixel     ;
; 3:1                ; 2 bits    ; 4 LEs         ; 4 LEs                ; 0 LEs                  ; No         ; |neuralnet|classifier:classify|leftmost_pixel     ;
; 3:1                ; 4 bits    ; 8 LEs         ; 8 LEs                ; 0 LEs                  ; No         ; |neuralnet|classifier:classify|leftmost_pixel     ;
; 3:1                ; 2 bits    ; 4 LEs         ; 4 LEs                ; 0 LEs                  ; No         ; |neuralnet|classifier:classify|leftmost_pixel     ;
; 3:1                ; 3 bits    ; 6 LEs         ; 6 LEs                ; 0 LEs                  ; No         ; |neuralnet|classifier:classify|leftmost_pixel     ;
; 3:1                ; 2 bits    ; 4 LEs         ; 4 LEs                ; 0 LEs                  ; No         ; |neuralnet|classifier:classify|leftmost_pixel     ;
; 3:1                ; 2 bits    ; 4 LEs         ; 4 LEs                ; 0 LEs                  ; No         ; |neuralnet|classifier:classify|leftmost_pixel     ;
; 3:1                ; 3 bits    ; 6 LEs         ; 6 LEs                ; 0 LEs                  ; No         ; |neuralnet|classifier:classify|leftmost_pixel     ;
; 3:1                ; 2 bits    ; 4 LEs         ; 4 LEs                ; 0 LEs                  ; No         ; |neuralnet|classifier:classify|leftmost_pixel     ;
; 3:1                ; 4 bits    ; 8 LEs         ; 8 LEs                ; 0 LEs                  ; No         ; |neuralnet|classifier:classify|leftmost_pixel     ;
; 3:1                ; 2 bits    ; 4 LEs         ; 4 LEs                ; 0 LEs                  ; No         ; |neuralnet|classifier:classify|leftmost_pixel     ;
; 3:1                ; 3 bits    ; 6 LEs         ; 6 LEs                ; 0 LEs                  ; No         ; |neuralnet|classifier:classify|leftmost_pixel     ;
; 3:1                ; 2 bits    ; 4 LEs         ; 4 LEs                ; 0 LEs                  ; No         ; |neuralnet|classifier:classify|leftmost_pixel     ;
; 3:1                ; 2 bits    ; 4 LEs         ; 4 LEs                ; 0 LEs                  ; No         ; |neuralnet|classifier:classify|leftmost_pixel     ;
; 3:1                ; 3 bits    ; 6 LEs         ; 6 LEs                ; 0 LEs                  ; No         ; |neuralnet|classifier:classify|leftmost_pixel     ;
; 3:1                ; 2 bits    ; 4 LEs         ; 4 LEs                ; 0 LEs                  ; No         ; |neuralnet|classifier:classify|leftmost_pixel     ;
; 3:1                ; 4 bits    ; 8 LEs         ; 8 LEs                ; 0 LEs                  ; No         ; |neuralnet|classifier:classify|leftmost_pixel     ;
; 3:1                ; 2 bits    ; 4 LEs         ; 4 LEs                ; 0 LEs                  ; No         ; |neuralnet|classifier:classify|leftmost_pixel     ;
; 3:1                ; 3 bits    ; 6 LEs         ; 6 LEs                ; 0 LEs                  ; No         ; |neuralnet|classifier:classify|leftmost_pixel     ;
; 3:1                ; 2 bits    ; 4 LEs         ; 4 LEs                ; 0 LEs                  ; No         ; |neuralnet|classifier:classify|leftmost_pixel     ;
; 3:1                ; 2 bits    ; 4 LEs         ; 4 LEs                ; 0 LEs                  ; No         ; |neuralnet|classifier:classify|leftmost_pixel     ;
; 3:1                ; 3 bits    ; 6 LEs         ; 6 LEs                ; 0 LEs                  ; No         ; |neuralnet|classifier:classify|leftmost_pixel     ;
; 3:1                ; 2 bits    ; 4 LEs         ; 4 LEs                ; 0 LEs                  ; No         ; |neuralnet|classifier:classify|leftmost_pixel     ;
; 3:1                ; 4 bits    ; 8 LEs         ; 8 LEs                ; 0 LEs                  ; No         ; |neuralnet|classifier:classify|leftmost_pixel     ;
; 3:1                ; 2 bits    ; 4 LEs         ; 4 LEs                ; 0 LEs                  ; No         ; |neuralnet|classifier:classify|leftmost_pixel     ;
; 3:1                ; 3 bits    ; 6 LEs         ; 6 LEs                ; 0 LEs                  ; No         ; |neuralnet|classifier:classify|leftmost_pixel     ;
; 3:1                ; 2 bits    ; 4 LEs         ; 4 LEs                ; 0 LEs                  ; No         ; |neuralnet|classifier:classify|leftmost_pixel     ;
; 3:1                ; 2 bits    ; 4 LEs         ; 4 LEs                ; 0 LEs                  ; No         ; |neuralnet|classifier:classify|leftmost_pixel     ;
; 3:1                ; 3 bits    ; 6 LEs         ; 6 LEs                ; 0 LEs                  ; No         ; |neuralnet|classifier:classify|leftmost_pixel     ;
; 3:1                ; 2 bits    ; 4 LEs         ; 4 LEs                ; 0 LEs                  ; No         ; |neuralnet|classifier:classify|leftmost_pixel     ;
; 3:1                ; 4 bits    ; 8 LEs         ; 8 LEs                ; 0 LEs                  ; No         ; |neuralnet|classifier:classify|leftmost_pixel     ;
; 3:1                ; 2 bits    ; 4 LEs         ; 4 LEs                ; 0 LEs                  ; No         ; |neuralnet|classifier:classify|leftmost_pixel     ;
; 3:1                ; 3 bits    ; 6 LEs         ; 6 LEs                ; 0 LEs                  ; No         ; |neuralnet|classifier:classify|leftmost_pixel     ;
; 3:1                ; 2 bits    ; 4 LEs         ; 4 LEs                ; 0 LEs                  ; No         ; |neuralnet|classifier:classify|leftmost_pixel     ;
; 3:1                ; 2 bits    ; 4 LEs         ; 4 LEs                ; 0 LEs                  ; No         ; |neuralnet|classifier:classify|leftmost_pixel     ;
; 3:1                ; 3 bits    ; 6 LEs         ; 6 LEs                ; 0 LEs                  ; No         ; |neuralnet|classifier:classify|leftmost_pixel     ;
; 3:1                ; 2 bits    ; 4 LEs         ; 4 LEs                ; 0 LEs                  ; No         ; |neuralnet|classifier:classify|leftmost_pixel     ;
; 3:1                ; 4 bits    ; 8 LEs         ; 8 LEs                ; 0 LEs                  ; No         ; |neuralnet|classifier:classify|leftmost_pixel     ;
; 3:1                ; 2 bits    ; 4 LEs         ; 4 LEs                ; 0 LEs                  ; No         ; |neuralnet|classifier:classify|leftmost_pixel     ;
; 3:1                ; 3 bits    ; 6 LEs         ; 6 LEs                ; 0 LEs                  ; No         ; |neuralnet|classifier:classify|leftmost_pixel     ;
; 3:1                ; 2 bits    ; 4 LEs         ; 4 LEs                ; 0 LEs                  ; No         ; |neuralnet|classifier:classify|leftmost_pixel     ;
; 3:1                ; 2 bits    ; 4 LEs         ; 4 LEs                ; 0 LEs                  ; No         ; |neuralnet|classifier:classify|leftmost_pixel     ;
; 3:1                ; 3 bits    ; 6 LEs         ; 6 LEs                ; 0 LEs                  ; No         ; |neuralnet|classifier:classify|leftmost_pixel     ;
; 3:1                ; 2 bits    ; 4 LEs         ; 4 LEs                ; 0 LEs                  ; No         ; |neuralnet|classifier:classify|leftmost_pixel     ;
; 3:1                ; 4 bits    ; 8 LEs         ; 8 LEs                ; 0 LEs                  ; No         ; |neuralnet|classifier:classify|leftmost_pixel     ;
; 3:1                ; 2 bits    ; 4 LEs         ; 4 LEs                ; 0 LEs                  ; No         ; |neuralnet|classifier:classify|leftmost_pixel     ;
; 3:1                ; 3 bits    ; 6 LEs         ; 6 LEs                ; 0 LEs                  ; No         ; |neuralnet|classifier:classify|leftmost_pixel     ;
; 3:1                ; 2 bits    ; 4 LEs         ; 4 LEs                ; 0 LEs                  ; No         ; |neuralnet|classifier:classify|leftmost_pixel     ;
; 3:1                ; 2 bits    ; 4 LEs         ; 4 LEs                ; 0 LEs                  ; No         ; |neuralnet|classifier:classify|leftmost_pixel     ;
; 3:1                ; 3 bits    ; 6 LEs         ; 6 LEs                ; 0 LEs                  ; No         ; |neuralnet|classifier:classify|leftmost_pixel     ;
; 3:1                ; 2 bits    ; 4 LEs         ; 4 LEs                ; 0 LEs                  ; No         ; |neuralnet|classifier:classify|leftmost_pixel     ;
; 3:1                ; 4 bits    ; 8 LEs         ; 8 LEs                ; 0 LEs                  ; No         ; |neuralnet|classifier:classify|leftmost_pixel     ;
; 3:1                ; 2 bits    ; 4 LEs         ; 4 LEs                ; 0 LEs                  ; No         ; |neuralnet|classifier:classify|leftmost_pixel     ;
; 3:1                ; 3 bits    ; 6 LEs         ; 6 LEs                ; 0 LEs                  ; No         ; |neuralnet|classifier:classify|leftmost_pixel     ;
; 3:1                ; 2 bits    ; 4 LEs         ; 4 LEs                ; 0 LEs                  ; No         ; |neuralnet|classifier:classify|leftmost_pixel     ;
; 3:1                ; 2 bits    ; 4 LEs         ; 4 LEs                ; 0 LEs                  ; No         ; |neuralnet|classifier:classify|leftmost_pixel     ;
; 3:1                ; 3 bits    ; 6 LEs         ; 6 LEs                ; 0 LEs                  ; No         ; |neuralnet|classifier:classify|leftmost_pixel     ;
; 3:1                ; 2 bits    ; 4 LEs         ; 4 LEs                ; 0 LEs                  ; No         ; |neuralnet|classifier:classify|leftmost_pixel     ;
; 3:1                ; 4 bits    ; 8 LEs         ; 8 LEs                ; 0 LEs                  ; No         ; |neuralnet|classifier:classify|leftmost_pixel     ;
; 3:1                ; 2 bits    ; 4 LEs         ; 4 LEs                ; 0 LEs                  ; No         ; |neuralnet|classifier:classify|leftmost_pixel     ;
; 3:1                ; 3 bits    ; 6 LEs         ; 6 LEs                ; 0 LEs                  ; No         ; |neuralnet|classifier:classify|leftmost_pixel     ;
; 3:1                ; 2 bits    ; 4 LEs         ; 4 LEs                ; 0 LEs                  ; No         ; |neuralnet|classifier:classify|leftmost_pixel     ;
; 30:1               ; 20 bits   ; 400 LEs       ; 400 LEs              ; 0 LEs                  ; No         ; |neuralnet|classifier:classify|Mux13              ;
; 19:1               ; 5 bits    ; 60 LEs        ; 60 LEs               ; 0 LEs                  ; No         ; |neuralnet|classifier:classify|num_transitions[2] ;
+--------------------+-----------+---------------+----------------------+------------------------+------------+---------------------------------------------------+


+-----------------------------------------------------+
; Post-Synthesis Netlist Statistics for Top Partition ;
+-----------------------+-----------------------------+
; Type                  ; Count                       ;
+-----------------------+-----------------------------+
; arriav_ff             ; 677                         ;
;     CLR               ; 611                         ;
;     ENA CLR SCLR      ; 29                          ;
;     SCLR              ; 32                          ;
;     plain             ; 5                           ;
; arriav_lcell_comb     ; 7688                        ;
;     arith             ; 32                          ;
;         1 data inputs ; 32                          ;
;     extend            ; 1                           ;
;         7 data inputs ; 1                           ;
;     normal            ; 7454                        ;
;         0 data inputs ; 1                           ;
;         1 data inputs ; 2                           ;
;         2 data inputs ; 782                         ;
;         3 data inputs ; 1037                        ;
;         4 data inputs ; 1381                        ;
;         5 data inputs ; 2239                        ;
;         6 data inputs ; 2012                        ;
;     shared            ; 201                         ;
;         0 data inputs ; 25                          ;
;         1 data inputs ; 109                         ;
;         2 data inputs ; 3                           ;
;         3 data inputs ; 63                          ;
;         4 data inputs ; 1                           ;
; boundary_port         ; 15                          ;
;                       ;                             ;
; Max LUT depth         ; 398.00                      ;
; Average LUT depth     ; 154.41                      ;
+-----------------------+-----------------------------+


+-------------------------------+
; Elapsed Time Per Partition    ;
+----------------+--------------+
; Partition Name ; Elapsed Time ;
+----------------+--------------+
; Top            ; 00:01:15     ;
+----------------+--------------+


+-------------------------------+
; Analysis & Synthesis Messages ;
+-------------------------------+
Info: *******************************************************************
Info: Running Quartus Prime Analysis & Synthesis
    Info: Version 23.1std.0 Build 991 11/28/2023 SC Lite Edition
    Info: Processing started: Tue Apr 30 18:59:14 2024
Info: Command: quartus_map --read_settings_files=on --write_settings_files=off neuralnet -c neuralnet
Warning (18236): Number of processors has not been specified which may cause overloading on shared machines.  Set the global assignment NUM_PARALLEL_PROCESSORS in your QSF to an appropriate value for best performance.
Info (20030): Parallel compilation is enabled and will use 4 of the 4 processors detected
Info (12021): Found 3 design units, including 3 entities, in source file neuralnet.sv
    Info (12023): Found entity 1: neuralnet File: /home/sarim/arch/fpga-neural-net/neuralnet.sv Line: 3
    Info (12023): Found entity 2: slow_down_clock File: /home/sarim/arch/fpga-neural-net/neuralnet.sv Line: 151
    Info (12023): Found entity 3: classifier File: /home/sarim/arch/fpga-neural-net/neuralnet.sv Line: 187
Info (12127): Elaborating entity "neuralnet" for the top level hierarchy
Warning (10034): Output port "LED[5..3]" at neuralnet.sv(11) has no driver File: /home/sarim/arch/fpga-neural-net/neuralnet.sv Line: 11
Info (12128): Elaborating entity "classifier" for hierarchy "classifier:classify" File: /home/sarim/arch/fpga-neural-net/neuralnet.sv Line: 31
Warning (10235): Verilog HDL Always Construct warning at neuralnet.sv(210): variable "sum" is read inside the Always Construct but isn't in the Always Construct's Event Control File: /home/sarim/arch/fpga-neural-net/neuralnet.sv Line: 210
Warning (10235): Verilog HDL Always Construct warning at neuralnet.sv(210): variable "image" is read inside the Always Construct but isn't in the Always Construct's Event Control File: /home/sarim/arch/fpga-neural-net/neuralnet.sv Line: 210
Warning (10235): Verilog HDL Always Construct warning at neuralnet.sv(217): variable "sum_left" is read inside the Always Construct but isn't in the Always Construct's Event Control File: /home/sarim/arch/fpga-neural-net/neuralnet.sv Line: 217
Warning (10235): Verilog HDL Always Construct warning at neuralnet.sv(217): variable "image" is read inside the Always Construct but isn't in the Always Construct's Event Control File: /home/sarim/arch/fpga-neural-net/neuralnet.sv Line: 217
Warning (10235): Verilog HDL Always Construct warning at neuralnet.sv(224): variable "leftmost_pixel" is read inside the Always Construct but isn't in the Always Construct's Event Control File: /home/sarim/arch/fpga-neural-net/neuralnet.sv Line: 224
Warning (10235): Verilog HDL Always Construct warning at neuralnet.sv(224): variable "image" is read inside the Always Construct but isn't in the Always Construct's Event Control File: /home/sarim/arch/fpga-neural-net/neuralnet.sv Line: 224
Warning (10235): Verilog HDL Always Construct warning at neuralnet.sv(232): variable "image" is read inside the Always Construct but isn't in the Always Construct's Event Control File: /home/sarim/arch/fpga-neural-net/neuralnet.sv Line: 232
Warning (10235): Verilog HDL Always Construct warning at neuralnet.sv(233): variable "num_transitions" is read inside the Always Construct but isn't in the Always Construct's Event Control File: /home/sarim/arch/fpga-neural-net/neuralnet.sv Line: 233
Warning (10240): Verilog HDL Always Construct warning at neuralnet.sv(205): inferring latch(es) for variable "sum", which holds its previous value in one or more paths through the always construct File: /home/sarim/arch/fpga-neural-net/neuralnet.sv Line: 205
Warning (10240): Verilog HDL Always Construct warning at neuralnet.sv(205): inferring latch(es) for variable "sum_left", which holds its previous value in one or more paths through the always construct File: /home/sarim/arch/fpga-neural-net/neuralnet.sv Line: 205
Warning (10240): Verilog HDL Always Construct warning at neuralnet.sv(205): inferring latch(es) for variable "leftmost_pixel", which holds its previous value in one or more paths through the always construct File: /home/sarim/arch/fpga-neural-net/neuralnet.sv Line: 205
Warning (10240): Verilog HDL Always Construct warning at neuralnet.sv(205): inferring latch(es) for variable "num_transitions", which holds its previous value in one or more paths through the always construct File: /home/sarim/arch/fpga-neural-net/neuralnet.sv Line: 205
Warning (10240): Verilog HDL Always Construct warning at neuralnet.sv(205): inferring latch(es) for variable "result", which holds its previous value in one or more paths through the always construct File: /home/sarim/arch/fpga-neural-net/neuralnet.sv Line: 205
Info (10041): Inferred latch for "result[0]" at neuralnet.sv(206) File: /home/sarim/arch/fpga-neural-net/neuralnet.sv Line: 206
Info (10041): Inferred latch for "result[1]" at neuralnet.sv(206) File: /home/sarim/arch/fpga-neural-net/neuralnet.sv Line: 206
Info (10041): Inferred latch for "num_transitions[0]" at neuralnet.sv(206) File: /home/sarim/arch/fpga-neural-net/neuralnet.sv Line: 206
Info (10041): Inferred latch for "num_transitions[1]" at neuralnet.sv(206) File: /home/sarim/arch/fpga-neural-net/neuralnet.sv Line: 206
Info (10041): Inferred latch for "num_transitions[2]" at neuralnet.sv(206) File: /home/sarim/arch/fpga-neural-net/neuralnet.sv Line: 206
Info (10041): Inferred latch for "num_transitions[3]" at neuralnet.sv(206) File: /home/sarim/arch/fpga-neural-net/neuralnet.sv Line: 206
Info (10041): Inferred latch for "num_transitions[4]" at neuralnet.sv(206) File: /home/sarim/arch/fpga-neural-net/neuralnet.sv Line: 206
Info (10041): Inferred latch for "leftmost_pixel[0]" at neuralnet.sv(206) File: /home/sarim/arch/fpga-neural-net/neuralnet.sv Line: 206
Info (10041): Inferred latch for "leftmost_pixel[1]" at neuralnet.sv(206) File: /home/sarim/arch/fpga-neural-net/neuralnet.sv Line: 206
Info (10041): Inferred latch for "leftmost_pixel[2]" at neuralnet.sv(206) File: /home/sarim/arch/fpga-neural-net/neuralnet.sv Line: 206
Info (10041): Inferred latch for "leftmost_pixel[3]" at neuralnet.sv(206) File: /home/sarim/arch/fpga-neural-net/neuralnet.sv Line: 206
Info (10041): Inferred latch for "leftmost_pixel[4]" at neuralnet.sv(206) File: /home/sarim/arch/fpga-neural-net/neuralnet.sv Line: 206
Info (10041): Inferred latch for "sum_left[0]" at neuralnet.sv(206) File: /home/sarim/arch/fpga-neural-net/neuralnet.sv Line: 206
Info (10041): Inferred latch for "sum_left[1]" at neuralnet.sv(206) File: /home/sarim/arch/fpga-neural-net/neuralnet.sv Line: 206
Info (10041): Inferred latch for "sum_left[2]" at neuralnet.sv(206) File: /home/sarim/arch/fpga-neural-net/neuralnet.sv Line: 206
Info (10041): Inferred latch for "sum_left[3]" at neuralnet.sv(206) File: /home/sarim/arch/fpga-neural-net/neuralnet.sv Line: 206
Info (10041): Inferred latch for "sum_left[4]" at neuralnet.sv(206) File: /home/sarim/arch/fpga-neural-net/neuralnet.sv Line: 206
Info (10041): Inferred latch for "sum_left[5]" at neuralnet.sv(206) File: /home/sarim/arch/fpga-neural-net/neuralnet.sv Line: 206
Info (10041): Inferred latch for "sum_left[6]" at neuralnet.sv(206) File: /home/sarim/arch/fpga-neural-net/neuralnet.sv Line: 206
Info (10041): Inferred latch for "sum_left[7]" at neuralnet.sv(206) File: /home/sarim/arch/fpga-neural-net/neuralnet.sv Line: 206
Info (10041): Inferred latch for "sum_left[8]" at neuralnet.sv(206) File: /home/sarim/arch/fpga-neural-net/neuralnet.sv Line: 206
Info (10041): Inferred latch for "sum_left[9]" at neuralnet.sv(206) File: /home/sarim/arch/fpga-neural-net/neuralnet.sv Line: 206
Info (10041): Inferred latch for "sum_left[10]" at neuralnet.sv(206) File: /home/sarim/arch/fpga-neural-net/neuralnet.sv Line: 206
Info (10041): Inferred latch for "sum_left[11]" at neuralnet.sv(206) File: /home/sarim/arch/fpga-neural-net/neuralnet.sv Line: 206
Info (10041): Inferred latch for "sum_left[12]" at neuralnet.sv(206) File: /home/sarim/arch/fpga-neural-net/neuralnet.sv Line: 206
Info (10041): Inferred latch for "sum_left[13]" at neuralnet.sv(206) File: /home/sarim/arch/fpga-neural-net/neuralnet.sv Line: 206
Info (10041): Inferred latch for "sum_left[14]" at neuralnet.sv(206) File: /home/sarim/arch/fpga-neural-net/neuralnet.sv Line: 206
Info (10041): Inferred latch for "sum_left[15]" at neuralnet.sv(206) File: /home/sarim/arch/fpga-neural-net/neuralnet.sv Line: 206
Info (10041): Inferred latch for "sum_left[16]" at neuralnet.sv(206) File: /home/sarim/arch/fpga-neural-net/neuralnet.sv Line: 206
Info (10041): Inferred latch for "sum_left[17]" at neuralnet.sv(206) File: /home/sarim/arch/fpga-neural-net/neuralnet.sv Line: 206
Info (10041): Inferred latch for "sum_left[18]" at neuralnet.sv(206) File: /home/sarim/arch/fpga-neural-net/neuralnet.sv Line: 206
Info (10041): Inferred latch for "sum_left[19]" at neuralnet.sv(206) File: /home/sarim/arch/fpga-neural-net/neuralnet.sv Line: 206
Info (10041): Inferred latch for "sum_left[20]" at neuralnet.sv(206) File: /home/sarim/arch/fpga-neural-net/neuralnet.sv Line: 206
Info (10041): Inferred latch for "sum_left[21]" at neuralnet.sv(206) File: /home/sarim/arch/fpga-neural-net/neuralnet.sv Line: 206
Info (10041): Inferred latch for "sum_left[22]" at neuralnet.sv(206) File: /home/sarim/arch/fpga-neural-net/neuralnet.sv Line: 206
Info (10041): Inferred latch for "sum_left[23]" at neuralnet.sv(206) File: /home/sarim/arch/fpga-neural-net/neuralnet.sv Line: 206
Info (10041): Inferred latch for "sum_left[24]" at neuralnet.sv(206) File: /home/sarim/arch/fpga-neural-net/neuralnet.sv Line: 206
Info (10041): Inferred latch for "sum_left[25]" at neuralnet.sv(206) File: /home/sarim/arch/fpga-neural-net/neuralnet.sv Line: 206
Info (10041): Inferred latch for "sum_left[26]" at neuralnet.sv(206) File: /home/sarim/arch/fpga-neural-net/neuralnet.sv Line: 206
Info (10041): Inferred latch for "sum_left[27]" at neuralnet.sv(206) File: /home/sarim/arch/fpga-neural-net/neuralnet.sv Line: 206
Info (10041): Inferred latch for "sum_left[28]" at neuralnet.sv(206) File: /home/sarim/arch/fpga-neural-net/neuralnet.sv Line: 206
Info (10041): Inferred latch for "sum_left[29]" at neuralnet.sv(206) File: /home/sarim/arch/fpga-neural-net/neuralnet.sv Line: 206
Info (10041): Inferred latch for "sum_left[30]" at neuralnet.sv(206) File: /home/sarim/arch/fpga-neural-net/neuralnet.sv Line: 206
Info (10041): Inferred latch for "sum_left[31]" at neuralnet.sv(206) File: /home/sarim/arch/fpga-neural-net/neuralnet.sv Line: 206
Info (12128): Elaborating entity "slow_down_clock" for hierarchy "slow_down_clock:slow" File: /home/sarim/arch/fpga-neural-net/neuralnet.sv Line: 49
Warning (13012): Latch classifier:classify|leftmost_pixel[0] has unsafe behavior File: /home/sarim/arch/fpga-neural-net/neuralnet.sv Line: 206
    Warning (13013): Ports D and ENA on the latch are fed by the same signal filtered_image[19][29] File: /home/sarim/arch/fpga-neural-net/neuralnet.sv Line: 68
Warning (13012): Latch classifier:classify|leftmost_pixel[1] has unsafe behavior File: /home/sarim/arch/fpga-neural-net/neuralnet.sv Line: 206
    Warning (13013): Ports D and ENA on the latch are fed by the same signal filtered_image[19][28] File: /home/sarim/arch/fpga-neural-net/neuralnet.sv Line: 68
Warning (13012): Latch classifier:classify|leftmost_pixel[2] has unsafe behavior File: /home/sarim/arch/fpga-neural-net/neuralnet.sv Line: 206
    Warning (13013): Ports D and ENA on the latch are fed by the same signal filtered_image[19][28] File: /home/sarim/arch/fpga-neural-net/neuralnet.sv Line: 68
Warning (13012): Latch classifier:classify|leftmost_pixel[3] has unsafe behavior File: /home/sarim/arch/fpga-neural-net/neuralnet.sv Line: 206
    Warning (13013): Ports D and ENA on the latch are fed by the same signal filtered_image[19][25] File: /home/sarim/arch/fpga-neural-net/neuralnet.sv Line: 68
Warning (13012): Latch classifier:classify|leftmost_pixel[4] has unsafe behavior File: /home/sarim/arch/fpga-neural-net/neuralnet.sv Line: 206
    Warning (13013): Ports D and ENA on the latch are fed by the same signal filtered_image[19][16] File: /home/sarim/arch/fpga-neural-net/neuralnet.sv Line: 68
Warning (13012): Latch classifier:classify|num_transitions[4] has unsafe behavior File: /home/sarim/arch/fpga-neural-net/neuralnet.sv Line: 206
    Warning (13013): Ports D and ENA on the latch are fed by the same signal filtered_image[18][18] File: /home/sarim/arch/fpga-neural-net/neuralnet.sv Line: 68
Warning (13012): Latch classifier:classify|num_transitions[3] has unsafe behavior File: /home/sarim/arch/fpga-neural-net/neuralnet.sv Line: 206
    Warning (13013): Ports D and ENA on the latch are fed by the same signal filtered_image[18][18] File: /home/sarim/arch/fpga-neural-net/neuralnet.sv Line: 68
Warning (13012): Latch classifier:classify|num_transitions[2] has unsafe behavior File: /home/sarim/arch/fpga-neural-net/neuralnet.sv Line: 206
    Warning (13013): Ports D and ENA on the latch are fed by the same signal filtered_image[18][18] File: /home/sarim/arch/fpga-neural-net/neuralnet.sv Line: 68
Warning (13012): Latch classifier:classify|num_transitions[1] has unsafe behavior File: /home/sarim/arch/fpga-neural-net/neuralnet.sv Line: 206
    Warning (13013): Ports D and ENA on the latch are fed by the same signal filtered_image[18][18] File: /home/sarim/arch/fpga-neural-net/neuralnet.sv Line: 68
Warning (13012): Latch classifier:classify|num_transitions[0] has unsafe behavior File: /home/sarim/arch/fpga-neural-net/neuralnet.sv Line: 206
    Warning (13013): Ports D and ENA on the latch are fed by the same signal filtered_image[18][18] File: /home/sarim/arch/fpga-neural-net/neuralnet.sv Line: 68
Warning (13024): Output pins are stuck at VCC or GND
    Warning (13410): Pin "LED[3]" is stuck at GND File: /home/sarim/arch/fpga-neural-net/neuralnet.sv Line: 11
    Warning (13410): Pin "LED[4]" is stuck at GND File: /home/sarim/arch/fpga-neural-net/neuralnet.sv Line: 11
    Warning (13410): Pin "LED[5]" is stuck at GND File: /home/sarim/arch/fpga-neural-net/neuralnet.sv Line: 11
Info (286030): Timing-Driven Synthesis is running
Info (16010): Generating hard_block partition "hard_block:auto_generated_inst"
    Info (16011): Adding 0 node(s), including 0 DDIO, 0 PLL, 0 transceiver and 0 LCELL
Warning (21074): Design contains 4 input pin(s) that do not drive logic
    Warning (15610): No output dependent on input pin "switches[0]" File: /home/sarim/arch/fpga-neural-net/neuralnet.sv Line: 9
    Warning (15610): No output dependent on input pin "switches[1]" File: /home/sarim/arch/fpga-neural-net/neuralnet.sv Line: 9
    Warning (15610): No output dependent on input pin "switches[2]" File: /home/sarim/arch/fpga-neural-net/neuralnet.sv Line: 9
    Warning (15610): No output dependent on input pin "switches[3]" File: /home/sarim/arch/fpga-neural-net/neuralnet.sv Line: 9
Info (21057): Implemented 7755 device resources after synthesis - the final resource count might be different
    Info (21058): Implemented 9 input pins
    Info (21059): Implemented 6 output pins
    Info (21061): Implemented 7740 logic cells
Info: Quartus Prime Analysis & Synthesis was successful. 0 errors, 44 warnings
    Info: Peak virtual memory: 522 megabytes
    Info: Processing ended: Tue Apr 30 19:00:45 2024
    Info: Elapsed time: 00:01:31
    Info: Total CPU time (on all processors): 00:01:52


